# JRE version: OpenJDK Runtime Environment (8.0_152-b01) (build 1.8.0_152-release-1343-b01)
# Java VM: OpenJDK 64-Bit Server VM (25.152-b01 mixed mode windows-amd64 compressed oops)
Heap:
 PSYoungGen      total 110080K, used 18496K [0x00000000e0000000, 0x00000000e8c00000, 0x0000000100000000)
  eden space 98304K, 18% used [0x00000000e0000000,0x00000000e1210280,0x00000000e6000000)
  from space 11776K, 0% used [0x00000000e6000000,0x00000000e6000000,0x00000000e6b80000)
  to   space 13824K, 0% used [0x00000000e7e80000,0x00000000e7e80000,0x00000000e8c00000)
 ParOldGen       total 132096K, used 32903K [0x00000000a0000000, 0x00000000a8100000, 0x00000000e0000000)
  object space 132096K, 24% used [0x00000000a0000000,0x00000000a2021f88,0x00000000a8100000)
 Metaspace       used 58653K, capacity 60290K, committed 60312K, reserved 1101824K
  class space    used 7952K, capacity 8355K, committed 8360K, reserved 1048576K
GC Heap History (10 events):
Event: 11.106 GC heap before
{Heap before GC invocations=12 (full 2):
 PSYoungGen      total 92160K, used 6712K [0x00000000e0000000, 0x00000000e6580000, 0x0000000100000000)
  eden space 81920K, 0% used [0x00000000e0000000,0x00000000e0000000,0x00000000e5000000)
  from space 10240K, 65% used [0x00000000e5a00000,0x00000000e608e148,0x00000000e6400000)
  to   space 10240K, 0% used [0x00000000e5000000,0x00000000e5000000,0x00000000e5a00000)
 ParOldGen       total 54784K, used 11156K [0x00000000a0000000, 0x00000000a3580000, 0x00000000e0000000)
  object space 54784K, 20% used [0x00000000a0000000,0x00000000a0ae5060,0x00000000a3580000)
 Metaspace       used 34691K, capacity 35422K, committed 35496K, reserved 1079296K
  class space    used 4779K, capacity 5000K, committed 5032K, reserved 1048576K
Event: 11.385 GC heap after
Heap after GC invocations=12 (full 2):
 PSYoungGen      total 92160K, used 0K [0x00000000e0000000, 0x00000000e6580000, 0x0000000100000000)
  eden space 81920K, 0% used [0x00000000e0000000,0x00000000e0000000,0x00000000e5000000)
  from space 10240K, 0% used [0x00000000e5a00000,0x00000000e5a00000,0x00000000e6400000)
  to   space 10240K, 0% used [0x00000000e5000000,0x00000000e5000000,0x00000000e5a00000)
 ParOldGen       total 88064K, used 16970K [0x00000000a0000000, 0x00000000a5600000, 0x00000000e0000000)
  object space 88064K, 19% used [0x00000000a0000000,0x00000000a1092be0,0x00000000a5600000)
 Metaspace       used 34668K, capacity 35344K, committed 35496K, reserved 1079296K
  class space    used 4772K, capacity 4987K, committed 5032K, reserved 1048576K
}
Event: 15.730 GC heap before
{Heap before GC invocations=13 (full 2):
 PSYoungGen      total 92160K, used 81920K [0x00000000e0000000, 0x00000000e6580000, 0x0000000100000000)
  eden space 81920K, 100% used [0x00000000e0000000,0x00000000e5000000,0x00000000e5000000)
  from space 10240K, 0% used [0x00000000e5a00000,0x00000000e5a00000,0x00000000e6400000)
  to   space 10240K, 0% used [0x00000000e5000000,0x00000000e5000000,0x00000000e5a00000)
 ParOldGen       total 88064K, used 16970K [0x00000000a0000000, 0x00000000a5600000, 0x00000000e0000000)
  object space 88064K, 19% used [0x00000000a0000000,0x00000000a1092be0,0x00000000a5600000)
 Metaspace       used 43911K, capacity 44754K, committed 45096K, reserved 1087488K
  class space    used 5894K, capacity 6165K, committed 6184K, reserved 1048576K
Event: 15.751 GC heap after
Heap after GC invocations=13 (full 2):
 PSYoungGen      total 92160K, used 10209K [0x00000000e0000000, 0x00000000e7900000, 0x0000000100000000)
  eden space 81920K, 0% used [0x00000000e0000000,0x00000000e0000000,0x00000000e5000000)
  from space 10240K, 99% used [0x00000000e5000000,0x00000000e59f8680,0x00000000e5a00000)
  to   space 11776K, 0% used [0x00000000e6d80000,0x00000000e6d80000,0x00000000e7900000)
 ParOldGen       total 88064K, used 19138K [0x00000000a0000000, 0x00000000a5600000, 0x00000000e0000000)
  object space 88064K, 21% used [0x00000000a0000000,0x00000000a12b0b38,0x00000000a5600000)
 Metaspace       used 43911K, capacity 44754K, committed 45096K, reserved 1087488K
  class space    used 5894K, capacity 6165K, committed 6184K, reserved 1048576K
}
Event: 19.739 GC heap before
{Heap before GC invocations=14 (full 2):
 PSYoungGen      total 92160K, used 92129K [0x00000000e0000000, 0x00000000e7900000, 0x0000000100000000)
  eden space 81920K, 100% used [0x00000000e0000000,0x00000000e5000000,0x00000000e5000000)
  from space 10240K, 99% used [0x00000000e5000000,0x00000000e59f8680,0x00000000e5a00000)
  to   space 11776K, 0% used [0x00000000e6d80000,0x00000000e6d80000,0x00000000e7900000)
 ParOldGen       total 88064K, used 19138K [0x00000000a0000000, 0x00000000a5600000, 0x00000000e0000000)
  object space 88064K, 21% used [0x00000000a0000000,0x00000000a12b0b38,0x00000000a5600000)
 Metaspace       used 51072K, capacity 52144K, committed 52520K, reserved 1095680K
  class space    used 6829K, capacity 7128K, committed 7208K, reserved 1048576K
Event: 19.753 GC heap after
Heap after GC invocations=14 (full 2):
 PSYoungGen      total 108032K, used 7989K [0x00000000e0000000, 0x00000000e7700000, 0x0000000100000000)
  eden space 98304K, 0% used [0x00000000e0000000,0x00000000e0000000,0x00000000e6000000)
  from space 9728K, 82% used [0x00000000e6d80000,0x00000000e754d758,0x00000000e7700000)
  to   space 11776K, 0% used [0x00000000e6000000,0x00000000e6000000,0x00000000e6b80000)
 ParOldGen       total 88064K, used 24098K [0x00000000a0000000, 0x00000000a5600000, 0x00000000e0000000)
  object space 88064K, 27% used [0x00000000a0000000,0x00000000a1788b70,0x00000000a5600000)
 Metaspace       used 51072K, capacity 52144K, committed 52520K, reserved 1095680K
  class space    used 6829K, capacity 7128K, committed 7208K, reserved 1048576K
}
Event: 22.376 GC heap before
{Heap before GC invocations=15 (full 2):
 PSYoungGen      total 108032K, used 89068K [0x00000000e0000000, 0x00000000e7700000, 0x0000000100000000)
  eden space 98304K, 82% used [0x00000000e0000000,0x00000000e4f2dc48,0x00000000e6000000)
  from space 9728K, 82% used [0x00000000e6d80000,0x00000000e754d758,0x00000000e7700000)
  to   space 11776K, 0% used [0x00000000e6000000,0x00000000e6000000,0x00000000e6b80000)
 ParOldGen       total 88064K, used 24098K [0x00000000a0000000, 0x00000000a5600000, 0x00000000e0000000)
  object space 88064K, 27% used [0x00000000a0000000,0x00000000a1788b70,0x00000000a5600000)
 Metaspace       used 57568K, capacity 59096K, committed 59160K, reserved 1099776K
  class space    used 7775K, capacity 8184K, committed 8232K, reserved 1048576K
Event: 22.399 GC heap after
Heap after GC invocations=15 (full 2):
 PSYoungGen      total 110080K, used 11754K [0x00000000e0000000, 0x00000000e8c00000, 0x0000000100000000)
  eden space 98304K, 0% used [0x00000000e0000000,0x00000000e0000000,0x00000000e6000000)
  from space 11776K, 99% used [0x00000000e6000000,0x00000000e6b7aab8,0x00000000e6b80000)
  to   space 13824K, 0% used [0x00000000e7e80000,0x00000000e7e80000,0x00000000e8c00000)
 ParOldGen       total 88064K, used 26564K [0x00000000a0000000, 0x00000000a5600000, 0x00000000e0000000)
  object space 88064K, 30% used [0x00000000a0000000,0x00000000a19f13e0,0x00000000a5600000)
 Metaspace       used 57568K, capacity 59096K, committed 59160K, reserved 1099776K
  class space    used 7775K, capacity 8184K, committed 8232K, reserved 1048576K
}
Event: 22.399 GC heap before
{Heap before GC invocations=16 (full 3):
 PSYoungGen      total 110080K, used 11754K [0x00000000e0000000, 0x00000000e8c00000, 0x0000000100000000)
  eden space 98304K, 0% used [0x00000000e0000000,0x00000000e0000000,0x00000000e6000000)
  from space 11776K, 99% used [0x00000000e6000000,0x00000000e6b7aab8,0x00000000e6b80000)
  to   space 13824K, 0% used [0x00000000e7e80000,0x00000000e7e80000,0x00000000e8c00000)
 ParOldGen       total 88064K, used 26564K [0x00000000a0000000, 0x00000000a5600000, 0x00000000e0000000)
  object space 88064K, 30% used [0x00000000a0000000,0x00000000a19f13e0,0x00000000a5600000)
 Metaspace       used 57568K, capacity 59096K, committed 59160K, reserved 1099776K
  class space    used 7775K, capacity 8184K, committed 8232K, reserved 1048576K
Event: 22.689 GC heap after
Heap after GC invocations=16 (full 3):
 PSYoungGen      total 110080K, used 0K [0x00000000e0000000, 0x00000000e8c00000, 0x0000000100000000)
  eden space 98304K, 0% used [0x00000000e0000000,0x00000000e0000000,0x00000000e6000000)
  from space 11776K, 0% used [0x00000000e6000000,0x00000000e6000000,0x00000000e6b80000)
  to   space 13824K, 0% used [0x00000000e7e80000,0x00000000e7e80000,0x00000000e8c00000)
 ParOldGen       total 132096K, used 32903K [0x00000000a0000000, 0x00000000a8100000, 0x00000000e0000000)
  object space 132096K, 24% used [0x00000000a0000000,0x00000000a2021f88,0x00000000a8100000)
 Metaspace       used 57568K, capacity 59096K, committed 59160K, reserved 1099776K
  class space    used 7775K, capacity 8184K, committed 8232K, reserved 1048576K
}

